<?xml version="1.0" encoding="UTF-8"?>
<!-- Generated by org.testng.reporters.JUnitReportReporter -->
<testsuite hostname="LIN59018729" failures="0" tests="10" name="runner.TestRunner" time="0.248" errors="0" timestamp="2026-01-05T16:12:12 IST" skipped="0">
  <testcase classname="runner.TestRunner" name="runScenario" time="0.010"/>
  <testcase classname="runner.TestRunner" name="runScenario" time="0.012"/>
  <testcase classname="runner.TestRunner" name="runScenario" time="0.007"/>
  <testcase classname="runner.TestRunner" name="runScenario" time="0.143"/>
  <testcase classname="runner.TestRunner" name="runScenario" time="0.012"/>
  <testcase classname="runner.TestRunner" name="runScenario" time="0.010"/>
  <testcase classname="runner.TestRunner" name="runScenario" time="0.009"/>
  <testcase classname="runner.TestRunner" name="runScenario" time="0.015"/>
  <testcase classname="runner.TestRunner" name="runScenario" time="0.015"/>
  <testcase classname="runner.TestRunner" name="runScenario" time="0.015"/>
</testsuite> <!-- runner.TestRunner -->
